[    0.000000] Initializing cgroup subsys cpuset
[    0.000000] Initializing cgroup subsys cpu
[    0.000000] Initializing cgroup subsys cpuacct
[    0.000000] Linux version 4.4.0-150-generic (buildd@lgw01-amd64-036) (gcc version 5.4.0 20160609 (Ubuntu 5.4.0-6ubuntu1~16.04.10) ) #176-Ubuntu SMP Wed May 29 18:56:26 UTC 2019 (Ubuntu 4.4.0-150.176-generic 4.4.179)
[    0.000000] Command line: BOOT_IMAGE=/boot/vmlinuz-4.4.0-150-generic root=LABEL=cloudimg-rootfs ro console=tty1 console=ttyS0
[    0.000000] KERNEL supported cpus:
[    0.000000]   Intel GenuineIntel
[    0.000000]   AMD AuthenticAMD
[    0.000000]   Centaur CentaurHauls
[    0.000000] x86/fpu: xstate_offset[2]:  576, xstate_sizes[2]:  256
[    0.000000] x86/fpu: Supporting XSAVE feature 0x01: 'x87 floating point registers'
[    0.000000] x86/fpu: Supporting XSAVE feature 0x02: 'SSE registers'
[    0.000000] x86/fpu: Supporting XSAVE feature 0x04: 'AVX registers'
[    0.000000] x86/fpu: Enabled xstate features 0x7, context size is 832 bytes, using 'standard' format.
[    0.000000] e820: BIOS-provided physical RAM map:
[    0.000000] BIOS-e820: [mem 0x0000000000000000-0x000000000009fbff] usable
[    0.000000] BIOS-e820: [mem 0x000000000009fc00-0x000000000009ffff] reserved
[    0.000000] BIOS-e820: [mem 0x00000000000f0000-0x00000000000fffff] reserved
[    0.000000] BIOS-e820: [mem 0x0000000000100000-0x000000003ffeffff] usable
[    0.000000] BIOS-e820: [mem 0x000000003fff0000-0x000000003fffffff] ACPI data
[    0.000000] BIOS-e820: [mem 0x00000000fec00000-0x00000000fec00fff] reserved
[    0.000000] BIOS-e820: [mem 0x00000000fee00000-0x00000000fee00fff] reserved
[    0.000000] BIOS-e820: [mem 0x00000000fffc0000-0x00000000ffffffff] reserved
[    0.000000] NX (Execute Disable) protection: active
[    0.000000] SMBIOS 2.5 present.
[    0.000000] Hypervisor detected: KVM
[    0.000000] e820: last_pfn = 0x3fff0 max_arch_pfn = 0x400000000
[    0.000000] MTRR: Disabled
[    0.000000] x86/PAT: MTRRs disabled, skipping PAT initialization too.
[    0.000000] CPU MTRRs all blank - virtualized system.
[    0.000000] x86/PAT: Configuration [0-7]: WB  WT  UC- UC  WB  WT  UC- UC  
[    0.000000] found SMP MP-table at [mem 0x0009fff0-0x0009ffff] mapped at [ffff88000009fff0]
[    0.000000] Scanning 1 areas for low memory corruption
[    0.000000] RAMDISK: [mem 0x362fc000-0x37175fff]
[    0.000000] ACPI: Early table checksum verification disabled
[    0.000000] ACPI: RSDP 0x00000000000E0000 000024 (v02 VBOX  )
[    0.000000] ACPI: XSDT 0x000000003FFF0030 00003C (v01 VBOX   VBOXXSDT 00000001 ASL  00000061)
[    0.000000] ACPI: FACP 0x000000003FFF00F0 0000F4 (v04 VBOX   VBOXFACP 00000001 ASL  00000061)
[    0.000000] ACPI: DSDT 0x000000003FFF0470 0021FF (v02 VBOX   VBOXBIOS 00000002 INTL 20100528)
[    0.000000] ACPI: FACS 0x000000003FFF0200 000040
[    0.000000] ACPI: FACS 0x000000003FFF0200 000040
[    0.000000] ACPI: APIC 0x000000003FFF0240 00005C (v02 VBOX   VBOXAPIC 00000001 ASL  00000061)
[    0.000000] ACPI: SSDT 0x000000003FFF02A0 0001CC (v01 VBOX   VBOXCPUT 00000002 INTL 20100528)
[    0.000000] No NUMA configuration found
[    0.000000] Faking a node at [mem 0x0000000000000000-0x000000003ffeffff]
[    0.000000] NODE_DATA(0) allocated [mem 0x3ffeb000-0x3ffeffff]
[    0.000000] kvm-clock: Using msrs 4b564d01 and 4b564d00
[    0.000000] kvm-clock: cpu 0, msr 0:3ffe3001, primary cpu clock
[    0.000000] kvm-clock: using sched offset of 5228876395 cycles
[    0.000000] clocksource: kvm-clock: mask: 0xffffffffffffffff max_cycles: 0x1cd42e4dffb, max_idle_ns: 881590591483 ns
[    0.000000] Zone ranges:
[    0.000000]   DMA      [mem 0x0000000000001000-0x0000000000ffffff]
[    0.000000]   DMA32    [mem 0x0000000001000000-0x000000003ffeffff]
[    0.000000]   Normal   empty
[    0.000000]   Device   empty
[    0.000000] Movable zone start for each node
[    0.000000] Early memory node ranges
[    0.000000]   node   0: [mem 0x0000000000001000-0x000000000009efff]
[    0.000000]   node   0: [mem 0x0000000000100000-0x000000003ffeffff]
[    0.000000] Initmem setup node 0 [mem 0x0000000000001000-0x000000003ffeffff]
[    0.000000] ACPI: PM-Timer IO Port: 0x4008
[    0.000000] IOAPIC[0]: apic_id 2, version 32, address 0xfec00000, GSI 0-23
[    0.000000] ACPI: INT_SRC_OVR (bus 0 bus_irq 0 global_irq 2 dfl dfl)
[    0.000000] ACPI: INT_SRC_OVR (bus 0 bus_irq 9 global_irq 9 high level)
[    0.000000] Using ACPI (MADT) for SMP configuration information
[    0.000000] smpboot: Allowing 2 CPUs, 0 hotplug CPUs
[    0.000000] PM: Registered nosave memory: [mem 0x00000000-0x00000fff]
[    0.000000] PM: Registered nosave memory: [mem 0x0009f000-0x0009ffff]
[    0.000000] PM: Registered nosave memory: [mem 0x000a0000-0x000effff]
[    0.000000] PM: Registered nosave memory: [mem 0x000f0000-0x000fffff]
[    0.000000] e820: [mem 0x40000000-0xfebfffff] available for PCI devices
[    0.000000] Booting paravirtualized kernel on KVM
[    0.000000] clocksource: refined-jiffies: mask: 0xffffffff max_cycles: 0xffffffff, max_idle_ns: 7645519600211568 ns
[    0.000000] setup_percpu: NR_CPUS:512 nr_cpumask_bits:512 nr_cpu_ids:2 nr_node_ids:1
[    0.000000] PERCPU: Embedded 34 pages/cpu @ffff88003fc00000 s99480 r8192 d31592 u1048576
[    0.000000] Built 1 zonelists in Node order, mobility grouping on.  Total pages: 257912
[    0.000000] Policy zone: DMA32
[    0.000000] Kernel command line: BOOT_IMAGE=/boot/vmlinuz-4.4.0-150-generic root=LABEL=cloudimg-rootfs ro console=tty1 console=ttyS0
[    0.000000] PID hash table entries: 4096 (order: 3, 32768 bytes)
[    0.000000] Memory: 997736K/1048120K available (8613K kernel code, 1335K rwdata, 4028K rodata, 1484K init, 1284K bss, 50384K reserved, 0K cma-reserved)
[    0.000000] SLUB: HWalign=64, Order=0-3, MinObjects=0, CPUs=2, Nodes=1
[    0.000000] Kernel/User page tables isolation: enabled
[    0.000000] Hierarchical RCU implementation.
[    0.000000] 	Build-time adjustment of leaf fanout to 64.
[    0.000000] 	RCU restricting CPUs from NR_CPUS=512 to nr_cpu_ids=2.
[    0.000000] RCU: Adjusting geometry for rcu_fanout_leaf=64, nr_cpu_ids=2
[    0.000000] NR_IRQS:33024 nr_irqs:440 16
[    0.000000] Console: colour VGA+ 80x25
[    0.000000] console [tty1] enabled
[    0.000000] console [ttyS0] enabled
[    0.000000] tsc: Detected 2394.560 MHz processor
[   10.832429] Calibrating delay loop (skipped) preset value.. 4789.12 BogoMIPS (lpj=9578240)
[   10.916550] pid_max: default: 32768 minimum: 301
[   10.979457] ACPI: Core revision 20150930
[   11.021602] ACPI: 2 ACPI AML tables successfully acquired and loaded
[   11.035964] Security Framework initialized
[   11.038580] Yama: becoming mindful.
[   11.040741] AppArmor: AppArmor initialized
[   11.043366] Dentry cache hash table entries: 131072 (order: 8, 1048576 bytes)
[   11.049775] Inode-cache hash table entries: 65536 (order: 7, 524288 bytes)
[   11.067950] Mount-cache hash table entries: 2048 (order: 2, 16384 bytes)
[   11.155890] Mountpoint-cache hash table entries: 2048 (order: 2, 16384 bytes)
[   11.177030] Initializing cgroup subsys io
[   11.179378] Initializing cgroup subsys memory
[   11.181833] Initializing cgroup subsys devices
[   11.215374] Initializing cgroup subsys freezer
[   11.217821] Initializing cgroup subsys net_cls
[   11.220310] Initializing cgroup subsys perf_event
[   11.222899] Initializing cgroup subsys net_prio
[   11.225391] Initializing cgroup subsys hugetlb
[   11.227875] Initializing cgroup subsys pids
[   11.250331] mce: CPU supports 0 MCE banks
[   11.325037] Last level iTLB entries: 4KB 512, 2MB 8, 4MB 8
[   11.365151] Last level dTLB entries: 4KB 512, 2MB 32, 4MB 32, 1GB 0
[   11.391652] Spectre V2 : Mitigation: Full generic retpoline
[   11.395892] Spectre V2 : Spectre v2 / SpectreRSB mitigation: Filling RSB on context switch
[   11.400560] Speculative Store Bypass: Vulnerable
[   11.403305] MDS: Vulnerable: Clear CPU buffers attempted, no microcode
[   11.412359] Freeing SMP alternatives memory: 36K
[   11.474583] ftrace: allocating 32298 entries in 127 pages
[   11.635331] smpboot: APIC(0) Converting physical 0 to logical package 0
[   11.657713] smpboot: Max logical packages: 1
[   11.660972] x2apic enabled
[   11.663634] Switched APIC routing to physical x2apic.
[   11.669998] ..TIMER: vector=0x30 apic1=0 pin1=2 apic2=-1 pin2=-1
[   11.830522] smpboot: CPU0: Intel(R) Core(TM) i7-3630QM CPU @ 2.40GHz (family: 0x6, model: 0x3a, stepping: 0x9)
[   11.915436] Performance Events: unsupported p6 CPU model 58 no PMU driver, software events only.
[   11.967520] KVM setup paravirtual spinlock
[   12.009766] x86: Booting SMP configuration:
[   12.028600] .... node  #0, CPUs:      #1
[   12.072068] kvm-clock: cpu 1, msr 0:3ffe3041, secondary cpu clock
[   12.100994] mce: CPU supports 0 MCE banks
[   12.121398] x86: Booted up 1 node, 2 CPUs
[   12.184112] smpboot: Total of 2 processors activated (9578.24 BogoMIPS)
[   12.202743] devtmpfs: initialized
[   12.246410] evm: security.selinux
[   12.258045] evm: security.SMACK64
[   12.273043] evm: security.SMACK64EXEC
[   12.312981] evm: security.SMACK64TRANSMUTE
[   12.328649] evm: security.SMACK64MMAP
[   12.359796] evm: security.ima
[   12.389057] evm: security.capability
[   12.435016] clocksource: jiffies: mask: 0xffffffff max_cycles: 0xffffffff, max_idle_ns: 7645041785100000 ns
[   12.482435] futex hash table entries: 512 (order: 3, 32768 bytes)
[   12.539102] pinctrl core: initialized pinctrl subsystem
[   12.610213] RTC time: 11:32:42, date: 07/29/19
[   12.672210] NET: Registered protocol family 16
[   12.687736] cpuidle: using governor ladder
[   12.752207] cpuidle: using governor menu
[   12.831594] PCCT header not found.
[   12.915709] ACPI: bus type PCI registered
[   12.944771] acpiphp: ACPI Hot Plug PCI Controller Driver version: 0.5
[   12.948236] PCI: Using configuration type 1 for base access
[   13.045799] ACPI: Added _OSI(Module Device)
[   13.151997] ACPI: Added _OSI(Processor Device)
[   13.254458] ACPI: Added _OSI(3.0 _SCP Extensions)
[   13.377725] ACPI: Added _OSI(Processor Aggregator Device)
[   13.382647] ACPI: Executed 1 blocks of module-level executable AML code
[   13.537106] ACPI: Interpreter enabled
[   13.624491] ACPI: (supports S0 S5)
[   13.734744] ACPI: Using IOAPIC for interrupt routing
[   13.915042] PCI: Using host bridge windows from ACPI; if necessary, use "pci=nocrs" and report a bug
[   14.080757] ACPI: PCI Root Bridge [PCI0] (domain 0000 [bus 00-ff])
[   14.199739] acpi PNP0A03:00: _OSC: OS supports [ASPM ClockPM Segments MSI]
[   14.404839] acpi PNP0A03:00: _OSC: not requesting OS control; OS requires [ExtendedConfig ASPM ClockPM MSI]
[   14.717358] acpi PNP0A03:00: fail to add MMCONFIG information, can't access extended PCI configuration space under this bridge.
[   14.791499] PCI host bridge to bus 0000:00
[   14.793886] pci_bus 0000:00: root bus resource [io  0x0000-0x0cf7 window]
[   14.903648] pci_bus 0000:00: root bus resource [io  0x0d00-0xffff window]
[   15.017958] pci_bus 0000:00: root bus resource [mem 0x000a0000-0x000bffff window]
[   15.177932] pci_bus 0000:00: root bus resource [mem 0x40000000-0xffdfffff window]
[   15.366222] pci_bus 0000:00: root bus resource [bus 00-ff]
[   15.479786] pci 0000:00:01.1: legacy IDE quirk: reg 0x10: [io  0x01f0-0x01f7]
[   15.672023] pci 0000:00:01.1: legacy IDE quirk: reg 0x14: [io  0x03f6]
[   15.763958] pci 0000:00:01.1: legacy IDE quirk: reg 0x18: [io  0x0170-0x0177]
[   15.797579] pci 0000:00:01.1: legacy IDE quirk: reg 0x1c: [io  0x0376]
[   15.840508] pci 0000:00:07.0: quirk: [io  0x4000-0x403f] claimed by PIIX4 ACPI
[   15.880317] pci 0000:00:07.0: quirk: [io  0x4100-0x410f] claimed by PIIX4 SMB
[   15.938188] ACPI: PCI Interrupt Link [LNKA] (IRQs 5 9 10 *11)
[   15.981815] ACPI: PCI Interrupt Link [LNKB] (IRQs 5 9 10 *11)
[   15.992956] ACPI: PCI Interrupt Link [LNKC] (IRQs 5 9 *10 11)
[   16.062090] ACPI: PCI Interrupt Link [LNKD] (IRQs 5 *9 10 11)
[   16.066269] ACPI: Enabled 2 GPEs in block 00 to 07
[   16.069854] vgaarb: setting as boot device: PCI:0000:00:02.0
[   16.080349] vgaarb: device added: PCI:0000:00:02.0,decodes=io+mem,owns=io+mem,locks=none
[   16.085057] vgaarb: loaded
[   16.123567] vgaarb: bridge control possible 0000:00:02.0
[   16.144693] SCSI subsystem initialized
[   16.166668] ACPI: bus type USB registered
[   16.169730] usbcore: registered new interface driver usbfs
[   16.173526] usbcore: registered new interface driver hub
[   16.181565] usbcore: registered new device driver usb
[   16.185543] PCI: Using ACPI for IRQ routing
[   16.189394] NetLabel: Initializing
[   16.195066] NetLabel:  domain hash size = 128
[   16.197654] NetLabel:  protocols = UNLABELED CIPSOv4
[   16.202181] NetLabel:  unlabeled traffic allowed by default
[   16.205456] amd_nb: Cannot enumerate AMD northbridges
[   16.208176] clocksource: Switched to clocksource kvm-clock
[   16.234493] AppArmor: AppArmor Filesystem Enabled
[   16.240144] pnp: PnP ACPI init
[   16.244399] pnp: PnP ACPI: found 3 devices
[   16.261796] clocksource: acpi_pm: mask: 0xffffff max_cycles: 0xffffff, max_idle_ns: 2085701024 ns
[   16.486328] NET: Registered protocol family 2
[   16.633895] TCP established hash table entries: 8192 (order: 4, 65536 bytes)
[   16.906095] TCP bind hash table entries: 8192 (order: 5, 131072 bytes)
[   17.144282] TCP: Hash tables configured (established 8192 bind 8192)
[   17.325851] UDP hash table entries: 512 (order: 2, 16384 bytes)
[   17.447795] UDP-Lite hash table entries: 512 (order: 2, 16384 bytes)
[   17.491062] NET: Registered protocol family 1
[   17.493607] pci 0000:00:00.0: Limiting direct PCI/PCI transfers
[   17.527943] pci 0000:00:01.0: Activating ISA DMA hang workarounds
[   17.633062] Unpacking initramfs...
[   18.382802] Freeing initrd memory: 14824K
[   18.418369] RAPL PMU detected, API unit is 2^-32 Joules, 3 fixed counters 10737418240 ms ovfl timer
[   18.515065] hw unit of domain pp0-core 2^-0 Joules
[   18.530774] hw unit of domain package 2^-0 Joules
[   18.533785] hw unit of domain pp1-gpu 2^-0 Joules
[   18.536474] clocksource: tsc: mask: 0xffffffffffffffff max_cycles: 0x2284248580e, max_idle_ns: 440795288736 ns
[   18.551103] platform rtc_cmos: registered platform RTC device (no PNP device found)
[   18.587732] Scanning for low memory corruption every 60 seconds
[   18.630236] audit: initializing netlink subsys (disabled)
[   18.648845] audit: type=2000 audit(1564399960.467:1): initialized
[   18.677838] Initialise system trusted keyring
[   18.709681] HugeTLB registered 2 MB page size, pre-allocated 0 pages
[   18.765500] zbud: loaded
[   18.786013] VFS: Disk quotas dquot_6.6.0
[   18.790085] VFS: Dquot-cache hash table entries: 512 (order 0, 4096 bytes)
[   18.882903] squashfs: version 4.0 (2009/01/31) Phillip Lougher
[   18.929665] fuse init (API version 7.23)
[   18.962217] Key type big_key registered
[   18.976958] Allocating IMA MOK and blacklist keyrings.
[   19.015439] Key type asymmetric registered
[   19.107375] Asymmetric key parser 'x509' registered
[   19.236447] Block layer SCSI generic (bsg) driver version 0.4 loaded (major 249)
[   19.411232] io scheduler noop registered
[   19.536938] io scheduler deadline registered (default)
[   19.681935] io scheduler cfq registered
[   19.764601] pci_hotplug: PCI Hot Plug PCI Core version: 0.5
[   19.848617] pciehp: PCI Express Hot Plug Controller Driver version: 0.4
[   20.063883] ACPI: AC Adapter [AC] (on-line)
[   20.136718] input: Power Button as /devices/LNXSYSTM:00/LNXPWRBN:00/input/input0
[   20.175765] ACPI: Power Button [PWRF]
[   20.182616] input: Sleep Button as /devices/LNXSYSTM:00/LNXSLPBN:00/input/input1
[   20.187408] ACPI: Sleep Button [SLPF]
[   20.204305] GHES: HEST is not enabled!
[   20.205509] ACPI: Battery Slot [BAT0] (battery present)
[   20.209574] Serial: 8250/16550 driver, 32 ports, IRQ sharing enabled
[   20.251154] 00:02: ttyS0 at I/O 0x3f8 (irq = 4, base_baud = 115200) is a 16550A
[   20.487535] Linux agpgart interface v0.103
[   20.652156] loop: module loaded
[   20.738191] scsi host0: ata_piix
[   20.807385] scsi host1: ata_piix
[   20.811431] ata1: PATA max UDMA/33 cmd 0x1f0 ctl 0x3f6 bmdma 0xd000 irq 14
[   20.814826] ata2: PATA max UDMA/33 cmd 0x170 ctl 0x376 bmdma 0xd008 irq 15
[   20.819993] libphy: Fixed MDIO Bus: probed
[   20.831599] tun: Universal TUN/TAP device driver, 1.6
[   20.852059] tun: (C) 1999-2004 Max Krasnyansky <maxk@qualcomm.com>
[   20.969469] PPP generic driver version 2.4.2
[   20.975599] ehci_hcd: USB 2.0 'Enhanced' Host Controller (EHCI) Driver
[   20.978831] ehci-pci: EHCI PCI platform driver
[   20.981303] ehci-platform: EHCI generic platform driver
[   20.984189] ohci_hcd: USB 1.1 'Open' Host Controller (OHCI) Driver
[   20.987328] ohci-pci: OHCI PCI platform driver
[   20.989816] ohci-platform: OHCI generic platform driver
[   20.992551] uhci_hcd: USB Universal Host Controller Interface driver
[   20.995910] i8042: PNP: PS/2 Controller [PNP0303:PS2K,PNP0f03:PS2M] at 0x60,0x64 irq 1,12
[   21.002663] serio: i8042 KBD port at 0x60,0x64 irq 1
[   21.007775] serio: i8042 AUX port at 0x60,0x64 irq 12
[   21.010831] mousedev: PS/2 mouse device common for all mice
[   21.014494] input: AT Translated Set 2 keyboard as /devices/platform/i8042/serio0/input/input2
[   21.020078] rtc_cmos rtc_cmos: rtc core: registered rtc_cmos as rtc0
[   21.115004] rtc_cmos rtc_cmos: alarms up to one day, 114 bytes nvram
[   21.335467] i2c /dev entries driver
[   21.452470] device-mapper: uevent: version 1.0.3
[   21.589439] device-mapper: ioctl: 4.34.0-ioctl (2015-10-28) initialised: dm-devel@redhat.com
[   21.865577] ledtrig-cpu: registered to indicate activity on CPUs
[   22.002425] NET: Registered protocol family 10
[   22.037684] NET: Registered protocol family 17
[   22.131936] Key type dns_resolver registered
[   22.254151] registered taskstats version 1
[   22.376975] Loading compiled-in X.509 certificates
[   22.534481] Loaded X.509 cert 'Build time autogenerated kernel key: a7915d3ef14e82ec7978a6e44664328aa121e7a5'
[   22.898645] zswap: loaded using pool lzo/zbud
[   23.039200] Key type trusted registered
[   23.087585] Key type encrypted registered
[   23.132276] AppArmor: AppArmor sha1 policy hashing enabled
[   23.135134] ima: No TPM chip found, activating TPM-bypass!
[   23.138204] ima: Allocated hash algorithm: sha1
[   23.140712] evm: HMAC attrs: 0x1
[   23.143476]   Magic number: 11:828:530
[   23.145756] tty ttyS10: hash matches
[   23.148163] rtc_cmos rtc_cmos: setting system clock to 2019-07-29 11:32:53 UTC (1564399973)
[   23.153218] BIOS EDD facility v0.16 2004-Jun-25, 0 devices found
[   23.270414] EDD information not available.
[   23.407555] Freeing unused kernel memory: 1484K
[   23.568566] Write protecting the kernel read-only data: 14336k
[   23.746232] Freeing unused kernel memory: 1616K
[   23.886651] Freeing unused kernel memory: 68K
Loading, please wait...
[   24.068392] random: systemd-udevd: uninitialized urandom read (16 bytes read, 4 bits of entropy available)
starting version[   24.069971] random: udevadm: uninitialized urandom read (16 bytes read, 4 bits of entropy available)
 229
[   24.070010] random: udevadm: uninitialized urandom read (16 bytes read, 4 bits of entropy available)
[   24.095946] random: udevadm: uninitialized urandom read (16 bytes read, 4 bits of entropy available)
[   24.096046] random: udevadm: uninitialized urandom read (16 bytes read, 4 bits of entropy available)
[   24.096474] random: udevadm: uninitialized urandom read (16 bytes read, 4 bits of entropy available)
[   24.096649] random: udevadm: uninitialized urandom read (16 bytes read, 4 bits of entropy available)
[   24.096788] random: udevadm: uninitialized urandom read (16 bytes read, 4 bits of entropy available)
[   24.096927] random: udevadm: uninitialized urandom read (16 bytes read, 4 bits of entropy available)
[   24.097063] random: udevadm: uninitialized urandom read (16 bytes read, 4 bits of entropy available)
[   25.728223] e1000: Intel(R) PRO/1000 Network Driver - version 7.3.21-k8-NAPI
[   25.733485] e1000: Copyright (c) 1999-2006 Intel Corporation.
[   25.736883] Fusion MPT base driver 3.04.20
[   25.739214] Copyright (c) 1999-2008 LSI Corporation
[   25.819367] AVX version of gcm_enc/dec engaged.
[   25.933073] AES CTR mode by8 optimization enabled
[   26.071754] input: ImExPS/2 Generic Explorer Mouse as /devices/platform/i8042/serio1/input/input4
[   26.206971] Fusion MPT SPI Host driver 3.04.20
[   26.349911] e1000 0000:00:03.0 eth0: (PCI:33MHz:32-bit) 02:2e:c1:de:99:b7
[   26.396099] e1000 0000:00:03.0 eth0: Intel(R) PRO/1000 Network Connection
[   26.894437] e1000 0000:00:08.0 eth1: (PCI:33MHz:32-bit) 08:00:27:3d:37:cb
[   26.943400] e1000 0000:00:08.0 eth1: Intel(R) PRO/1000 Network Connection
[   26.949775] e1000 0000:00:03.0 enp0s3: renamed from eth0
[   27.034785] mptbase: ioc0: Initiating bringup
[   27.093409] e1000 0000:00:08.0 enp0s8: renamed from eth1
[   27.269778] ioc0: LSI53C1030 A0: Capabilities={Initiator}
[   27.487358] scsi host2: ioc0: LSI53C1030 A0, FwRev=00000000h, Ports=1, MaxQ=256, IRQ=20
[   27.608851] scsi 2:0:0:0: Direct-Access     VBOX     HARDDISK         1.0  PQ: 0 ANSI: 5
[   27.667761] scsi target2:0:0: Beginning Domain Validation
[   27.698420] scsi target2:0:0: Domain Validation skipping write tests
[   27.833936] scsi target2:0:0: Ending Domain Validation
[   27.877690] scsi target2:0:0: asynchronous
[   27.911122] scsi 2:0:1:0: Direct-Access     VBOX     HARDDISK         1.0  PQ: 0 ANSI: 5
[   27.956524] scsi target2:0:1: Beginning Domain Validation
[   27.961319] scsi target2:0:1: Domain Validation skipping write tests
[   27.980338] scsi target2:0:1: Ending Domain Validation
[   27.983148] scsi target2:0:1: asynchronous
[   27.996605] sd 2:0:0:0: Attached scsi generic sg0 type 0
[   27.996771] sd 2:0:0:0: [sda] 20971520 512-byte logical blocks: (10.7 GB/10.0 GiB)
[   28.009415] sd 2:0:0:0: [sda] Write Protect is off
[   28.009501] sd 2:0:1:0: Attached scsi generic sg1 type 0
[   28.017194] sd 2:0:1:0: [sdb] 20480 512-byte logical blocks: (10.5 MB/10.0 MiB)
[   28.017499] sd 2:0:1:0: [sdb] Write Protect is off
[   28.017691] sd 2:0:1:0: [sdb] Incomplete mode parameter data
[   28.017696] sd 2:0:1:0: [sdb] Assuming drive cache: write through
[   28.026815] sd 2:0:1:0: [sdb] Attached SCSI disk
[   28.064874] sd 2:0:0:0: [sda] Incomplete mode parameter data
[   28.074142] sd 2:0:0:0: [sda] Assuming drive cache: write through
[   28.079685]  sda: sda1
[   28.083893] sd 2:0:0:0: [sda] Attached SCSI disk
Begin: Loading essential drivers[   30.312153] md: linear personality registered for level -1
 ... [   30.507087] md: multipath personality registered for level -4
[   30.710015] md: raid0 personality registered for level 0
[   30.727466] md: raid1 personality registered for level 1
[   30.920884] raid6: sse2x1   gen()  1834 MB/s
[   31.088820] raid6: sse2x1   xor()  1260 MB/s
[   31.304595] raid6: sse2x2   gen()  3384 MB/s
[   31.504716] raid6: sse2x2   xor()  2281 MB/s
[   31.708740] raid6: sse2x4   gen()  5229 MB/s
[   31.905008] raid6: sse2x4   xor()  3013 MB/s
[   32.009799] raid6: using algorithm sse2x4 gen() 5229 MB/s
[   32.088230] raid6: .... xor() 3013 MB/s, rmw enabled
[   32.152383] raid6: using ssse3x2 recovery algorithm
[   32.196462] xor: automatically using best checksumming function:
[   32.432661]    avx       : 13018.000 MB/sec
[   32.547905] async_tx: api initialized (async)
[   32.682913] md: raid6 personality registered for level 6
[   32.874477] md: raid5 personality registered for level 5
[   33.010730] md: raid4 personality registered for level 4
[   33.124349] md: raid10 personality registered for level 10
done.
Begin: Running /scripts/init-premount ... done.
Begin: Mounting root file system ... Begin: Running /scripts/local-top ... done.
Begin: Running /scripts/local-premount ... [   33.262351] Btrfs loaded
Scanning for Btrfs filesystems
done.
Warning: fsck not present, so sk[   33.390900] EXT4-fs (sda1): mounted filesystem with ordered data mode. Opts: (null)
ipping root file system
done.
Begin: Running /scripts/local-bottom ... done.
Begin: Running /scripts/init-bottom ... done.
[   33.814979] systemd[1]: systemd 229 running in system mode. (+PAM +AUDIT +SELINUX +IMA +APPARMOR +SMACK +SYSVINIT +UTMP +LIBCRYPTSETUP +GCRYPT +GNUTLS +ACL +XZ -LZ4 +SECCOMP +BLKID +ELFUTILS +KMOD -IDN)
[   34.345796] systemd[1]: Detected virtualization oracle.
[   34.355698] systemd[1]: Detected architecture x86-64.

Welcome to [1mUbuntu 16.04.6 LTS[0m!

[   34.370222] systemd[1]: Set hostname to <ubuntu>.
[   34.420200] systemd[1]: Initializing machine ID from random generator.
[   34.423638] systemd[1]: Installed transient /etc/machine-id file.
[   34.682586] systemd[1]: Started Forward Password Requests to Wall Directory Watch.
[[0;32m  OK  [0m] Started Forward Password Requests to Wall Directory Watch.
[   34.920891] systemd[1]: Reached target Swap.
[[0;32m  OK  [0m] Reached target Swap.
[   35.110513] systemd[1]: Set up automount Arbitrary Executable File Formats File System Automount Point.
[[0;32m  OK  [0m] Set up automount Arbitrary Executab...ats File System Automount Point.
[   35.505073] systemd[1]: Reached target User and Group Name Lookups.
[[0;32m  OK  [0m] Reached target User and Group Name Lookups.
[   35.519860] systemd[1]: Reached target System Time Synchronized.
[[0;32m  OK  [0m] Reached target System Time Synchronized.
[   35.545795] systemd[1]: Listening on LVM2 metadata daemon socket.
[[0;32m  OK  [0m] Listening on LVM2 metadata daemon socket.
[   35.557237] systemd[1]: Listening on Journal Socket.
[[0;32m  OK  [0m] Listening on Journal Socket.
[   35.611009] systemd[1]: Created slice User and Session Slice.
[[0;32m  OK  [0m] Created slice User and Session Slice.
[   35.731787] systemd[1]: Listening on LVM2 poll daemon socket.
[[0;32m  OK  [0m] Listening on LVM2 poll daemon socket.
[   35.785572] systemd[1]: Created slice System Slice.
[[0;32m  OK  [0m] Created slice System Slice.
[   35.816765] systemd[1]: Mounting Huge Pages File System...
         Mounting Huge Pages File System...
[   35.838948] systemd[1]: Mounting POSIX Message Queue File System...
         Mounting POSIX Message Queue File System...
[   35.897894] systemd[1]: Created slice system-serial\x2dgetty.slice.
[[0;32m  OK  [0m] Created slice system-serial\x2dgetty.slice.
[   36.009289] systemd[1]: Starting Create list of required static device nodes for the current kernel...
         Starting Create list of required st... nodes for the current kernel...
[   36.120821] systemd[1]: Starting Uncomplicated firewall...
[   36.122196] random: nonblocking pool is initialized
         Starting Uncomplicated firewall...
[   36.420972] systemd[1]: Reached target Slices.
[[0;32m  OK  [0m] Reached target Slices.
[   36.552544] systemd[1]: Starting Set console keymap...
         Starting Set console keymap...
[   36.613207] systemd[1]: Listening on udev Control Socket.
[[0;32m  OK  [0m] Listening on udev Control Socket.
[   36.657236] systemd[1]: Listening on Journal Audit Socket.
[[0;32m  OK  [0m] Listening on Journal Audit Socket.
[   36.687290] systemd[1]: Starting Nameserver information manager...
         Starting Nameserver information manager...
[   36.694180] systemd[1]: Listening on Journal Socket (/dev/log).
[[0;32m  OK  [0m] Listening on Journal Socket (/dev/log).
[   36.700965] systemd[1]: Starting Remount Root and Kernel File Systems...
         Starting Remount Root and Kernel File Systems...
[   36.712331] EXT4-fs (sda1): re-mounted. Opts: (null)
[   36.841981] systemd[1]: Reached target Encrypted Volumes.
[[0;32m  OK  [0m] Reached target Encrypted Volumes.
[   37.058422] systemd[1]: Listening on Syslog Socket.
[[0;32m  OK  [0m] Listening on Syslog Socket.
[   37.191050] systemd[1]: Started Trigger resolvconf update for networkd DNS.
[[0;32m  OK  [0m] Started Trigger resolvconf update for networkd DNS.
[   37.241048] systemd[1]: Mounting Debug File System...
         Mounting Debug File System...
[   37.432804] systemd[1]: Listening on /dev/initctl Compatibility Named Pipe.
[[0;32m  OK  [0m] Listening on /dev/initctl Compatibility Named Pipe.
[   37.753125] systemd[1]: Starting Journal Service...
         Starting Journal Service...
[   37.801650] systemd[1]: Listening on udev Kernel Socket.
[[0;32m  OK  [0m] Listening on udev Kernel Socket.
[   37.825489] systemd[1]: Listening on Device-mapper event daemon FIFOs.
[[0;32m  OK  [0m] Listening on Device-mapper event daemon FIFOs.
[   37.845078] systemd[1]: Starting Monitoring of LVM2 mirrors, snapshots etc. using dmeventd or progress polling...
         Starting Monitoring of LVM2 mirrors... dmeventd or progress polling...
[   38.164549] systemd[1]: Starting Load Kernel Modules...
         Startin[   38.181332] Loading iSCSI transport class v2.0-870.
g Load Kernel Modules...
[   38.228885] iscsi: registered transport (tcp)
[   38.415110] systemd[1]: Mounted POSIX Message Queue File System.
[[0;32m  OK  [0m] Mounted POSIX Message Queue File System.
[   38.573294] systemd[1]: Mounted Debug File System.
[[0;32m  OK  [[   38.689086] iscsi: registered transport (iser)
0m] Mounted Debug File System.
[   38.833030] systemd[1]: Mounted Huge Pages File System.
[[0;32m  OK  [0m] Mounted Huge Pages File System.
[   38.925453] systemd[1]: Started Journal Service.
[[0;32m  OK  [0m] Started Journal Service.
[[0;32m  OK  [0m] Started Create list of required sta...ce nodes for the current kernel.
[[0;32m  OK  [0m] Started Uncomplicated firewall.
[[0;32m  OK  [0m] Started Set console keymap.
[[0;32m  OK  [0m] Started Remount Root and Kernel File Systems.
[[0;32m  OK  [0m] Started Load Kernel Modules.
[[0;32m  OK  [0m] Started Nameserver information manager.
[[0;32m  OK  [0m] Started LVM2 metadata daemon.
         Mounting FUSE Control File System...
         Starting Apply Kernel Variables...
         Starting udev Coldplug all Devices...
         Starting Load/Save Random Seed...
         Starting Create Static Device Nodes in /dev...
         Starting Flush Journal to Persistent Storage...
[[0;32m  OK  [0m] Mounted FUSE Control File System.
[[0;32m  OK  [0m] Started Monitoring of LVM2 mirrors,...ng dmeventd or progress polling.
[[0;32m  OK  [0m] Started Apply Kernel Variables.
[[0;32m  OK  [0m] Started Load/Save Random Seed.
[[0;32m  OK  [0m] Started Create Static Device Nodes in /dev.
[[0;32m  OK  [0m] Started udev Coldplug all Devices.
[[0;32m  OK  [0m] Started Flush Journal to Persistent Storage.
         Starting udev Kernel Device Manager...
[[0;32m  OK  [0m] Reached target Local File Systems (Pre).
[[0;32m  OK  [0m] Reached target Local File Systems.
         Starting LSB: AppArmor initialization...
         Starting Create Volatile Files and Directories...
         Starting Initial cloud-init job (pre-networking)...
         Starting Commit a transient machine-id on disk...
         Starting Set console font and keymap...
         Starting Tell Plymouth To Write Out Runtime Data...
[[0;32m  OK  [0m] Started udev Kernel Device Manager.
[[0;32m  OK  [0m] Started Create Volatile Files and Directories.
[[0;32m  OK  [0m] Started Tell Plymouth To Write Out Runtime Data.
[[0;32m  OK  [0m] Started Commit a transient machine-id on disk.
         Starting Update UTMP about System Boot/Shutdown...
[[0;32m  OK  [0m] Started Dispatch Password Requests to Console Directory Watch.
[[0;32m  OK  [0m] Found device /dev/ttyS0.
[[0;32m  OK  [0m] Listening on Load/Save RF Kill Switch Status /dev/rfkill Watch.
[[0;32m  OK  [0m] Started Update UTMP about System Boot/Shutdown.
[   27.297430] cloud-init[487]: Cloud-init v. 19.1-1-gbaa47854-0ubuntu1~16.04.1 running 'init-local' at Mon, 29 Jul 2019 11:33:12 +0000. Up 26.45 seconds.
[[0;32m  OK  [0m] Started Initial cloud-init job (pre-networking).
[[0;32m  OK  [0m] Reached target Network (Pre).
[[0;32m  OK  [0m] Started Set console font and keymap.
[[0;32m  OK  [0m] Created slice system-getty.slice.
[[0;32m  OK  [0m] Started LSB: AppArmor initialization.
         Starting Raise network interfaces...
[[0;32m  OK  [0m] Started Raise network interfaces.
         Starting Initial cloud-init job (metadata service crawler)...
[[0;32m  OK  [0m] Reached target Network.
[   32.299326] cloud-init[960]: Cloud-init v. 19.1-1-gbaa47854-0ubuntu1~16.04.1 running 'init' at Mon, 29 Jul 2019 11:33:16 +0000. Up 31.08 seconds.
[   32.349033] cloud-init[960]: ci-info: ++++++++++++++++++++++++++++++++++++++Net device info+++++++++++++++++++++++++++++++++++++++
[   32.393873] cloud-init[960]: ci-info: +--------+-------+----------------------------+---------------+--------+-------------------+
[   32.414753] cloud-init[960]: ci-info: | Device |   Up  |          Address           |      Mask     | Scope  |     Hw-Address    |
[   32.440879] cloud-init[960]: ci-info: +--------+-------+----------------------------+---------------+--------+-------------------+
[   32.441469] cloud-init[960]: ci-info: | enp0s3 |  True |         10.0.2.15          | 255.255.255.0 | global | 02:2e:c1:de:99:b7 |
[[0;32m  OK  [0m] Started Initial cloud-init job (metadata service crawler).
[   32.441994] cloud-init[960]: ci-info: | enp0s3 |  True | fe80::2e:c1ff:fede:99b7/64 |       .       |  link  | 02:2e:c1:de:99:b7 |
[   32.469663] cloud-init[960]: ci-info: | enp0s8 | False |             .              |       .       |   .    | 08:00:27:3d:37:cb |
[   32.483541] cloud-init[960]: ci-info: |   lo   |  True |         127.0.0.1          |   255.0.0.0   |  host  |         .         |
[   32.484290] cloud-init[960]: ci-info: |   lo   |  True |          ::1/128           |       .       |  host  |         .         |
[[0;32m  OK  [0m] Reached target System Initialization.
[   32.484614] cloud-init[960]: ci-info: +--------+-------+----------------------------+---------------+--------+-------------------+
[[   32.512000] cloud-init[960]: ci-info: +++++++++++++++++++++++++++Route IPv4 info++++++++++++++++++++++++++++
[   32.512896] cloud-init[960]: ci-info: +-------+-------------+----------+---------------+-----------+-------+
[   32.513206] cloud-init[960]: ci-info: | Route | Destination | Gateway  |    Genmask    | Interface | Flags |
[   32.513557] cloud-init[960]: ci-info: +-------+-------------+----------+---------------+-----------+-------+
[   32.513859] cloud-init[960]: ci-info: |   0   |   0.0.0.0   | 10.0.2.2 |    0.0.0.0    |   enp0s3  |   UG  |
[   32.514171] cloud-init[960]: ci-info: |   1   |   10.0.2.0  | 0.0.0.0  | 255.255.255.0 |   enp0s3  |   U   |
[   32.514524] cloud-init[960]: ci-info: +-------+-------------+----------+---------------+-----------+-------+
[   32.514829] cloud-init[960]: ci-info: +++++++++++++++++++Route IPv6 info+++++++++++++++++++
[   32.515147] cloud-init[960]: ci-info: +-------+-------------+---------+-----------+-------+
[   32.515474] cloud-init[960]: ci-info: | Route | Destination | Gateway | Interface | Flags |
[   32.515780] cloud-init[960]: ci-info: +-------+-------------+---------+-----------+-------+
[   32.516179] cloud-init[960]: ci-info: |   0   |  fe80::/64  |    ::   |   enp0s3  |   U   |
[   32.516463] cloud-init[960]: ci-info: |   4   |   ff00::/8  |    ::   |   enp0s3  |   U   |
[   32.516743] cloud-init[960]: ci-info: +-------+-------------+---------+-----------+-------+
[   32.517058] cloud-init[960]: Generating public/private rsa key pair.
[   32.517440] cloud-init[960]: Your identification has been saved in /etc/ssh/ssh_host_rsa_key.
[   32.517747] cloud-init[960]: Your public key has been saved in /etc/ssh/ssh_host_rsa_key.pub.
[   32.518059] cloud-init[960]: The key fingerprint is:
[   32.518401] cloud-init[960]: SHA256:jh8i+jTOxrL16xodw3PY9Ken2u4Xrr/sUzZwg7KQ5eg root@ubuntu-xenial
[   32.518712] cloud-init[960]: The key's randomart image is:
[   32.519022] cloud-init[960]: +---[RSA 2048]----+
[   32.519374] cloud-init[960]: |                 |
[   32.519690] cloud-init[960]: |          .      |
[   32.520093] cloud-init[960]: |        .=   .   |
[   32.520336] cloud-init[960]: |     . ++.o o o  |
[0;32m  OK  [0m] Started ACPI Events Check.
[   32.520776] cloud-init[960]: |      *.S..o.o . |
[   33.033090] cloud-init[960]: |     . BE .o. +  |
[[0;32m  OK  [0m] Reached target Paths.
[   33.033365] cloud-init[960]: |   .* + o ...+ . |
[   33.053515] cloud-init[960]: |  .*o= o o ++    |
[[0;32m  OK  [0m] Started Daily apt download activities.
[   33.053782] cloud-init[960]: |  o==o+.o+*==o   |
         Starting Socket activation for snappy daemon.
[   33.150822] cloud-init[960]: +----[SHA256]-----+
[   33.180554] cloud-init[960]: Generating public/private dsa key pair.
[   33.181266] cloud-init[960]: Your identification has been saved in /etc/ssh/ssh_host_dsa_key.
         Starting LXD - unix socket.
[   33.181557] cloud-init[960]: Your public key has been saved in /etc/ssh/ssh_host_dsa_key.pub.
[   33.359706] cloud-init[960]: The key fingerprint is:
[[0;32m  OK  [0m] Started Daily apt upgrade and clean activities.
[   33.360004] cloud-init[960]: SHA256:SKp7u22v084MRFajdWjdt1Qa9cxp1lFAX/trkSgCi9E root@ubuntu-xenial
[   33.403083] cloud-init[960]: The key's randomart image is:
[[0;32m  OK  [0m] Listening on UUID daemon activation socket.
[   33.403329] cloud-init[960]: +---[DSA 1024]----+
[   33.457871] cloud-init[960]: |        +o.. .+=*|
[[0;32m  OK  [0m] Started Daily Cleanup of Temporary Directories.
[[   33.458153] cloud-init[960]: |      .+oo. . o*B|
[   33.487755] cloud-init[960]: |     .=E     o.**|
[   33.488012] cloud-init[960]: |     =o.o     = o|
[   33.488656] cloud-init[960]: |    ..o.S. . . o.|
[   33.488968] cloud-init[960]: |   . .    . .   o|
[   33.489314] cloud-init[960]: |  .   ..       o |
[0;32m  OK  [0m] Listening on ACPID Listen Socket.
[   33.489689] cloud-init[960]: |   ...o+.     .  |
[   33.578213] cloud-init[960]: |  ..o+o==        |
[[0;32m  OK  [0m] Listening on D-Bus System Message Bus Socket.
[   33.578623] cloud-init[960]: +----[SHA256]-----+
[   33.701471] cloud-init[960]: Generating public/private ecdsa key pair.
[[0;32m  OK  [0m] Reached target Timers.
[   33.701764] cloud-init[960]: Your identification has been saved in /etc/ssh/ssh_host_ecdsa_key.
[   33.857762] cloud-init[960]: Your public key has been saved in /etc/ssh/ssh_host_ecdsa_key.pub.
[[0;32m  OK  [0m] Reached target Cloud-config availability.
[   33.858020] cloud-init[960]: The key fingerprint is:
[   34.025778] cloud-init[960]: SHA256:sBH/15QKCNfUTqYtzHOc2IA8JdLsYQZAN0pJvkpMSvE root@ubuntu-xenial
[[0;32m  OK  [0m] Reached target Network is Online.
[   34.026107] cloud-init[960]: The key's randomart image is:
[   34.229005] cloud-init[960]: +---[ECDSA 256]---+
[   34.229693] cloud-init[960]: | . o=oB=o=o.     |
         Starting iSCSI initiator daemon (iscsid)...
[   34.230054] cloud-init[960]: |  oo.o BXoo +  . |
[   34.241055] cloud-init[960]: | ..Eo o+o=.@ .o  |
[   34.252525] cloud-init[960]: |.+   . +..B.B+   |
[   34.253271] cloud-init[960]: |. o . . S .+o .  |
[[0;32m  OK  [0m] Listening on Socket activation for snappy daemon.
[[   34.253726] cloud-init[960]: | . .       .     |
[   34.337622] cloud-init[960]: |  .              |
[   34.337866] cloud-init[960]: |                 |
[   34.338179] cloud-init[960]: |                 |
[   34.338516] cloud-init[960]: +----[SHA256]-----+
[   34.338811] cloud-init[960]: Generating public/private ed25519 key pair.
[   34.339128] cloud-init[960]: Your identification has been saved in /etc/ssh/ssh_host_ed25519_key.
[   34.339470] cloud-init[960]: Your public key has been saved in /etc/ssh/ssh_host_ed25519_key.pub.
[   34.339762] cloud-init[960]: The key fingerprint is:
[   34.340163] cloud-init[960]: SHA256:1DKUiqX9d3Kjyof4kF4dqgiEgfLZWthl/X8o5Wqrjvs root@ubuntu-xenial
[   34.340399] cloud-init[960]: The key's randomart image is:
[0;32m  OK  [0m] Listening on LXD - unix socket.
[   34.340753] cloud-init[960]: +--[ED25519 256]--+
[   34.703069] cloud-init[960]: |        ..       |
[   34.720793] cloud-init[960]: |.     .o..       |
[[0;32m  OK  [0m] Started iSCSI initiator daemon (iscsid).
[   34.722452] cloud-init[960]: |+    =o.= .      |
[   34.745170] cloud-init[960]: |.+ =ooo. +       |
[   34.747387] cloud-init[960]: |. = +  .S o .    |
[   34.751249] cloud-init[960]: | . o   ..oo=+.   |
[   34.753381] cloud-init[960]: |  o   o.ooo=+..  |
[   34.765912] cloud-init[960]: |   . o.*. +o .   |
[   34.789206] cloud-init[960]: |    . ==E=o.     |
[   34.789870] cloud-init[960]: +----[SHA256]-----+
         Starting Login to default iSCSI targets...
[[0;32m  OK  [0m] Reached target Sockets.
[[0;32m  OK  [0m] Reached target Basic System.
[[0;32m  OK  [0m] Started Regular background program processing daemon.
[[0;32m  OK  [0m] Started FUSE filesystem for LXC.
[[0;32m  OK  [0m] Started D-Bus System Message Bus.
         Starting Pollinate to seed the pseudo random number generator...
         Starting Virtualbox guest utils...
         Starting LSB: Record successful boot for GRUB...
         Starting LXD - container startup/shutdown...
         Starting System Logging Service...
[[0;32m  OK  [0m] Started Deferred execution scheduler.
         Starting Login Service...
         Starting /etc/rc.local Compatibility...
         Starting LSB: MD monitoring daemon...
         Starting Accounts Service...
[[0;32m  OK  [0m] Started ACPI event daemon.
         Starting Snappy daemon...
[[0;32m  OK  [0m] Started System Logging Service.
[[0;32m  OK  [0m] Started LXD - container startup/shutdown.
[[0;32m  OK  [0m] Started /etc/rc.local Compatibility.
[[0;32m  OK  [0m] Started Login to default iSCSI targets.
[[0;32m  OK  [0m] Started LSB: Record successful boot for GRUB.
[[0;32m  OK  [0m] Started Snappy daemon.
[[0;32m  OK  [0m] Started LSB: MD monitoring daemon.
[[0;32m  OK  [0m] Started Virtualbox guest utils.
[[0;32m  OK  [0m] Started Login Service.
[[0;32m  OK  [0m] Started Unattended Upgrades Shutdown.
         Starting Authenticate and Authorize Users to Run Privileged Tasks...
         Starting Wait until snapd is fully seeded...
[[0;32m  OK  [0m] Reached target Remote File Systems (Pre).
[[0;32m  OK  [0m] Reached target Remote File Systems.
         Starting LSB: Set the CPU Frequency Scaling governor to "ondemand"...
         Starting LSB: daemon to balance interrupts for SMP systems...
         Starting Permit User Sessions...
         Starting LSB: automatic crash report generation...
[[0;32m  OK  [0m] Started Pollinate to seed the pseudo random number generator.
[[0;32m  OK  [0m] Started Permit User Sessions.
[[0;32m  OK  [0m] Started Authenticate and Authorize Users to Run Privileged Tasks.
[[0;32m  OK  [0m] Started Accounts Service.
         Starting Hold until boot process finishes up...
         Starting Terminate Plymouth Boot Screen...
         Starting OpenBSD Secure Shell server...
[[0;32m  OK  [0m] Started LSB: Set the CPU Frequency Scaling governor to "ondemand".
[[0;32m  OK  [0m] Started LSB: daemon to balance interrupts for SMP systems.
[[0;32m  OK  [0m] Started LSB: automatic crash report generation.
[[0;32m  OK  [0m] Started Hold until boot process finishes up.
[[0;32m  OK  [0m] Started Terminate Plymouth Boot Screen.
[[0;32m  OK  [0m] Started OpenBSD Secure Shell server.
[[0;32m  OK  [0m] Started Serial Getty on ttyS0.
[[0;32m  OK  [0m] Started Getty on tty1.
[[0;32m  OK  [0m] Reached target Login Prompts.
         Starting Set console scheme...
[[0;32m  OK  [0m] Started Set console scheme.
[[0;32m  OK  [0m] Created slice User Slice of vagrant.
         Starting User Manager for UID 1000...
[[0;32m  OK  [0m] Started Session 1 of user vagrant.
[[0;32m  OK  [0m] Started User Manager for UID 1000.
[[0;32m  OK  [0m] Started Wait until snapd is fully seeded.
[[0;32m  OK  [0m] Reached target Multi-User System.
[[0;32m  OK  [0m] Reached target Graphical Interface.
         Starting Update UTMP about System Runlevel Changes...
         Starting Apply the settings specified in cloud-config...
[[0;32m  OK  [0m] Started Update UTMP about System Runlevel Changes.
[   39.389577] cloud-init[1383]: Generating locales (this might take a while)...

Ubuntu 16.04.6 LTS ubuntu-xenial ttyS0

ubuntu-xenial login: [   42.563218] cloud-init[1383]:   en_US.UTF-8... done
[   42.566136] cloud-init[1383]: Generation complete.
[   43.399381] cloud-init[1383]: Cloud-init v. 19.1-1-gbaa47854-0ubuntu1~16.04.1 running 'modules:config' at Mon, 29 Jul 2019 11:33:24 +0000. Up 39.06 seconds.
ci-info: no authorized ssh keys fingerprints found for user ubuntu.
<14>Jul 29 11:33:30 ec2: 
<14>Jul 29 11:33:30 ec2: #############################################################
<14>Jul 29 11:33:30 ec2: -----BEGIN SSH HOST KEY FINGERPRINTS-----
<14>Jul 29 11:33:30 ec2: 1024 SHA256:SKp7u22v084MRFajdWjdt1Qa9cxp1lFAX/trkSgCi9E root@ubuntu-xenial (DSA)
<14>Jul 29 11:33:30 ec2: 256 SHA256:sBH/15QKCNfUTqYtzHOc2IA8JdLsYQZAN0pJvkpMSvE root@ubuntu-xenial (ECDSA)
<14>Jul 29 11:33:30 ec2: 256 SHA256:1DKUiqX9d3Kjyof4kF4dqgiEgfLZWthl/X8o5Wqrjvs root@ubuntu-xenial (ED25519)
<14>Jul 29 11:33:30 ec2: 2048 SHA256:jh8i+jTOxrL16xodw3PY9Ken2u4Xrr/sUzZwg7KQ5eg root@ubuntu-xenial (RSA)
<14>Jul 29 11:33:30 ec2: -----END SSH HOST KEY FINGERPRINTS-----
<14>Jul 29 11:33:30 ec2: #############################################################
-----BEGIN SSH HOST KEY KEYS-----
ecdsa-sha2-nistp256 AAAAE2VjZHNhLXNoYTItbmlzdHAyNTYAAAAIbmlzdHAyNTYAAABBBKjjJFhi0+I3Y0kG/2TY/Mwpc3pQxE1NxR9S/V9GUK8k6HAZJ3hQdjAbU7nDpRxnTqovC2kliKayEaYgyaTm+ZY= root@ubuntu-xenial
ssh-ed25519 AAAAC3NzaC1lZDI1NTE5AAAAIAZmZz0EI2t94XLtogdZBaEVODVb7wZ7jU97vBwjVRJ/ root@ubuntu-xenial
ssh-rsa AAAAB3NzaC1yc2EAAAADAQABAAABAQD65nH4uKuTIaCxdo2wRFOP7HKgldFeASZmnJCDQ1UNGLa0mxq1ah+y8XfirE0oDqnmOEpSXbHiYY5OMIwGCVft0Qxe9nFSKTeklk2fG9uFuM7NzvAGoLsMQsCPm0SuG7reHi1obuxIwJw5Nl5CbeoIJNcF7bNu+j7cWSY3FkW6wHbInov73CvxDl1EjgneIvgfK8zlbVI4r2Cuvf+NebPt44GlFGSIivvCflcr6iIreOFBGEJ+IyIvYfZHXjoWcox7qApVd1Fo7Egs/UoO3wNLJxj+AbDP7IaAA3Of8rb+8dqaUAuKlQs5WzJNXTtnMVAJFH2130msf4AwJKYZrV0h root@ubuntu-xenial
-----END SSH HOST KEY KEYS-----
[   44.815400] cloud-init[1616]: Cloud-init v. 19.1-1-gbaa47854-0ubuntu1~16.04.1 running 'modules:final' at Mon, 29 Jul 2019 11:33:30 +0000. Up 44.41 seconds.
[   44.826583] cloud-init[1616]: ci-info: no authorized ssh keys fingerprints found for user ubuntu.
[   44.826951] cloud-init[1616]: Cloud-init v. 19.1-1-gbaa47854-0ubuntu1~16.04.1 finished at Mon, 29 Jul 2019 11:33:30 +0000. Datasource DataSourceNoCloud [seed=/dev/sdb][dsmode=net].  Up 44.79 seconds
